Loading config file: /storage/emulated/0/omw/config/openmw.cfg
Loading config file: /data/user/0/is.xyz.omw/files/config/openmw.cfg
OpenMW version 0.46.0
Using default (English) font encoding.
OSG version: 3.6.2
SDL version: 2.0.8
Loading settings file: /data/user/0/is.xyz.omw/files/config/settings-default.cfg
Loading settings file: /storage/emulated/0/omw/config/settings.cfg
Adding data directory /storage/emulated/0/Torrent Client/ThElderScr3IIMoMorrowindGOTYGOG/Data Files
Detected unusable controller: Android Accelerometer
Failed to open image: Resource 'textures/door_icon.dds' not found
Failed to open image: Resource 'textures/menu_rightbuttonup_bottom.dds' not found
Failed to open image: Resource 'textures/menu_rightbuttonup_bottom_right.dds' not found
Failed to open image: Resource 'textures/menu_rightbuttonup_right.dds' not found
Failed to open image: Resource 'textures/menu_rightbuttonup_top_right.dds' not found
Failed to open image: Resource 'textures/menu_rightbuttonup_top.dds' not found
Failed to open image: Resource 'textures/menu_rightbuttonup_top_left.dds' not found
Failed to open image: Resource 'textures/menu_rightbuttonup_left.dds' not found
Failed to open image: Resource 'textures/menu_rightbuttonup_bottom_left.dds' not found
Failed to open image: Resource 'textures/menu_rightbuttonup_center.dds' not found
Failed to open image: Resource 'textures/menu_rightbuttondown_bottom.dds' not found
Failed to open image: Resource 'textures/menu_rightbuttondown_bottom_right.dds' not found
Failed to open image: Resource 'textures/menu_rightbuttondown_right.dds' not found
Failed to open image: Resource 'textures/menu_rightbuttondown_top_right.dds' not found
Failed to open image: Resource 'textures/menu_rightbuttondown_top.dds' not found
Failed to open image: Resource 'textures/menu_rightbuttondown_top_left.dds' not found
Failed to open image: Resource 'textures/menu_rightbuttondown_left.dds' not found
Failed to open image: Resource 'textures/menu_rightbuttondown_bottom_left.dds' not found
Failed to open image: Resource 'textures/menu_rightbuttondown_center.dds' not found
Failed to open image: Resource 'textures/menu_thick_border_bottom.dds' not found
Failed to open image: Resource 'textures/menu_thick_border_right.dds' not found
Failed to open image: Resource 'textures/menu_thick_border_top.dds' not found
Failed to open image: Resource 'textures/menu_thick_border_left.dds' not found
Failed to open image: Resource 'textures/menu_thick_border_bottom_right_corner.dds' not found
Failed to open image: Resource 'textures/menu_thick_border_bottom_left_corner.dds' not found
Failed to open image: Resource 'textures/menu_thick_border_top_right_corner.dds' not found
Failed to open image: Resource 'textures/menu_thick_border_top_left_corner.dds' not found
Failed to open image: Resource 'textures/menu_head_block_middle.dds' not found
Failed to open image: Resource 'textures/menu_head_block_top.dds' not found
Failed to open image: Resource 'textures/menu_head_block_bottom.dds' not found
Failed to open image: Resource 'textures/menu_head_block_left.dds' not found
Failed to open image: Resource 'textures/menu_head_block_right.dds' not found
Failed to open image: Resource 'textures/menu_head_block_top_right_corner.dds' not found
Failed to open image: Resource 'textures/menu_head_block_top_left_corner.dds' not found
Failed to open image: Resource 'textures/menu_head_block_bottom_right_corner.dds' not found
Failed to open image: Resource 'textures/menu_head_block_bottom_left_corner.dds' not found
Failed to open image: Resource 'textures/menu_button_frame_top.dds' not found
Failed to open image: Resource 'textures/menu_button_frame_bottom.dds' not found
Failed to open image: Resource 'textures/menu_button_frame_left.dds' not found
Failed to open image: Resource 'textures/menu_button_frame_right.dds' not found
Failed to open image: Resource 'textures/menu_button_frame_top_left_corner.dds' not found
Failed to open image: Resource 'textures/menu_button_frame_top_right_corner.dds' not found
Failed to open image: Resource 'textures/menu_button_frame_bottom_left_corner.dds' not found
Failed to open image: Resource 'textures/menu_button_frame_bottom_right_corner.dds' not found
Failed to open image: Resource 'textures/tx_menubook_bookmark.dds' not found
Failed to open image: Resource 'textures/menu_thin_border_top.dds' not found
Failed to open image: Resource 'textures/menu_scroll_left.dds' not found
Failed to open image: Resource 'textures/menu_scroll_right.dds' not found
Failed to open image: Resource 'textures/menu_scroll_up.dds' not found
Failed to open image: Resource 'textures/menu_scroll_down.dds' not found
Failed to open image: Resource 'textures/menu_thin_border_bottom.dds' not found
Failed to open image: Resource 'textures/menu_thin_border_left.dds' not found
Failed to open image: Resource 'textures/menu_thin_border_right.dds' not found
Failed to open image: Resource 'textures/menu_thin_border_top_left_corner.dds' not found
Failed to open image: Resource 'textures/menu_thin_border_top_right_corner.dds' not found
Failed to open image: Resource 'textures/menu_thin_border_bottom_left_corner.dds' not found
Failed to open image: Resource 'textures/menu_thin_border_bottom_right_corner.dds' not found
Failed to open image: Resource 'textures/menu_bar_gray.dds' not found
Failed to open image: Resource 'textures/menu_small_energy_bar_top.dds' not found
Failed to open image: Resource 'textures/menu_small_energy_bar_bottom.dds' not found
Failed to open image: Resource 'textures/menu_small_energy_bar_vert.dds' not found
Failed to open image: Resource 'textures/target.dds' not found
Failed to open image: Resource 'textures/tx_cursor.dds' not found
Failed to open image: Resource 'textures/tx_cursormove.dds' not found
Failed to open image: Resource 'textures/cursor_drop_ground.dds' not found
Initializing OpenAL...
Opened "OpenSL"
  ALC Version: 1.1
  ALC Extensions: ALC_ENUMERATE_ALL_EXT ALC_ENUMERATION_EXT ALC_EXT_CAPTURE ALC_EXT_DEDICATED ALC_EXT_disconnect ALC_EXT_EFX ALC_EXT_thread_local_context ALC_SOFT_device_clock ALC_SOFT_HRTF ALC_SOFT_loopback ALC_SOFT_output_limiter ALC_SOFT_pause_device
  Vendor: OpenAL Community
  Renderer: OpenAL Soft
  Version: 1.1 ALSOFT 1.19.1
  Extensions: AL_EXT_ALAW AL_EXT_BFORMAT AL_EXT_DOUBLE AL_EXT_EXPONENT_DISTANCE AL_EXT_FLOAT32 AL_EXT_IMA4 AL_EXT_LINEAR_DISTANCE AL_EXT_MCFORMATS AL_EXT_MULAW AL_EXT_MULAW_BFORMAT AL_EXT_MULAW_MCFORMATS AL_EXT_OFFSET AL_EXT_source_distance_model AL_EXT_SOURCE_RADIUS AL_EXT_STEREO_ANGLES AL_LOKI_quadriphonic AL_SOFT_block_alignment AL_SOFT_deferred_updates AL_SOFT_direct_channels AL_SOFTX_events AL_SOFTX_filter_gain_ex AL_SOFT_gain_clamp_ex AL_SOFT_loop_points AL_SOFTX_map_buffer AL_SOFT_MSADPCM AL_SOFT_source_latency AL_SOFT_source_length AL_SOFT_source_resampler AL_SOFT_source_spatialize
HRTF disabled
Allocated 256 sound sources
Low-pass filter supported
EAX Reverb supported
Enumerated output devices:
  OpenSL
Enumerated HRTF names:
  Built-In 44100hz  Built-In 48000hz
Unhandled SDL event of type 0x103
Unhandled SDL event of type 0x104
